{"C:\\Users\\97250\\Desktop\\נושאים מתקדמים באפליקציות אינטרנטיות\\sa2023\\src\\app.ts": {"path":"C:\\Users\\97250\\Desktop\\נושאים מתקדמים באפליקציות אינטרנטיות\\sa2023\\src\\app.ts","statementMap":{"0":{"start":{"line":1,"column":0},"end":{"line":1,"column":43}},"1":{"start":{"line":2,"column":0},"end":{"line":2,"column":28}},"2":{"start":{"line":3,"column":0},"end":{"line":3,"column":16}},"3":{"start":{"line":4,"column":12},"end":{"line":4,"column":21}},"4":{"start":{"line":5,"column":0},"end":{"line":5,"column":32}},"5":{"start":{"line":6,"column":0},"end":{"line":6,"column":37}},"6":{"start":{"line":7,"column":0},"end":{"line":7,"column":52}},"7":{"start":{"line":8,"column":0},"end":{"line":8,"column":61}},"8":{"start":{"line":10,"column":16},"end":{"line":28,"column":1}},"9":{"start":{"line":11,"column":13},"end":{"line":11,"column":32}},"10":{"start":{"line":12,"column":2},"end":{"line":12,"column":50}},"11":{"start":{"line":12,"column":28},"end":{"line":12,"column":48}},"12":{"start":{"line":13,"column":2},"end":{"line":13,"column":62}},"13":{"start":{"line":13,"column":24},"end":{"line":13,"column":60}},"14":{"start":{"line":14,"column":2},"end":{"line":27,"column":5}},"15":{"start":{"line":15,"column":4},"end":{"line":26,"column":9}},"16":{"start":{"line":18,"column":8},"end":{"line":18,"column":35}},"17":{"start":{"line":19,"column":8},"end":{"line":19,"column":59}},"18":{"start":{"line":20,"column":8},"end":{"line":20,"column":43}},"19":{"start":{"line":21,"column":8},"end":{"line":21,"column":51}},"20":{"start":{"line":22,"column":8},"end":{"line":22,"column":21}},"21":{"start":{"line":25,"column":8},"end":{"line":25,"column":20}},"22":{"start":{"line":30,"column":0},"end":{"line":30,"column":17}}},"fnMap":{"0":{"name":"(anonymous_1)","decl":{"start":{"line":10,"column":16},"end":{"line":10,"column":19}},"loc":{"start":{"line":10,"column":21},"end":{"line":28,"column":1}}},"1":{"name":"(anonymous_2)","decl":{"start":{"line":12,"column":17},"end":{"line":12,"column":18}},"loc":{"start":{"line":12,"column":28},"end":{"line":12,"column":48}}},"2":{"name":"(anonymous_3)","decl":{"start":{"line":13,"column":18},"end":{"line":13,"column":21}},"loc":{"start":{"line":13,"column":24},"end":{"line":13,"column":60}}},"3":{"name":"(anonymous_4)","decl":{"start":{"line":14,"column":30},"end":{"line":14,"column":31}},"loc":{"start":{"line":14,"column":50},"end":{"line":27,"column":3}}},"4":{"name":"(anonymous_5)","decl":{"start":{"line":17,"column":12},"end":{"line":17,"column":15}},"loc":{"start":{"line":17,"column":17},"end":{"line":23,"column":7}}},"5":{"name":"(anonymous_6)","decl":{"start":{"line":24,"column":13},"end":{"line":24,"column":14}},"loc":{"start":{"line":24,"column":21},"end":{"line":26,"column":7}}}},"branchMap":{},"s":{"0":2,"1":2,"2":2,"3":2,"4":2,"5":2,"6":2,"7":2,"8":2,"9":2,"10":2,"11":0,"12":2,"13":2,"14":2,"15":2,"16":2,"17":2,"18":2,"19":2,"20":2,"21":0,"22":2},"f":{"0":2,"1":0,"2":2,"3":2,"4":2,"5":0},"b":{}}
,"C:\\Users\\97250\\Desktop\\נושאים מתקדמים באפליקציות אינטרנטיות\\sa2023\\src\\controllers\\base_controller.ts": {"path":"C:\\Users\\97250\\Desktop\\נושאים מתקדמים באפליקציות אינטרנטיות\\sa2023\\src\\controllers\\base_controller.ts","statementMap":{"0":{"start":{"line":7,"column":4},"end":{"line":7,"column":23}},"1":{"start":{"line":12,"column":4},"end":{"line":12,"column":43}},"2":{"start":{"line":14,"column":4},"end":{"line":25,"column":5}},"3":{"start":{"line":15,"column":6},"end":{"line":15,"column":40}},"4":{"start":{"line":16,"column":6},"end":{"line":16,"column":33}},"5":{"start":{"line":18,"column":6},"end":{"line":24,"column":7}},"6":{"start":{"line":20,"column":8},"end":{"line":20,"column":65}},"7":{"start":{"line":22,"column":8},"end":{"line":22,"column":25}},"8":{"start":{"line":23,"column":8},"end":{"line":23,"column":55}},"9":{"start":{"line":30,"column":4},"end":{"line":30,"column":34}},"10":{"start":{"line":32,"column":4},"end":{"line":46,"column":5}},"11":{"start":{"line":33,"column":6},"end":{"line":42,"column":7}},"12":{"start":{"line":34,"column":8},"end":{"line":34,"column":67}},"13":{"start":{"line":35,"column":8},"end":{"line":39,"column":9}},"14":{"start":{"line":36,"column":10},"end":{"line":38,"column":65}},"15":{"start":{"line":41,"column":8},"end":{"line":41,"column":43}},"16":{"start":{"line":43,"column":6},"end":{"line":43,"column":25}},"17":{"start":{"line":45,"column":6},"end":{"line":45,"column":53}},"18":{"start":{"line":51,"column":4},"end":{"line":51,"column":52}},"19":{"start":{"line":53,"column":4},"end":{"line":65,"column":5}},"20":{"start":{"line":54,"column":6},"end":{"line":62,"column":7}},"21":{"start":{"line":56,"column":24},"end":{"line":56,"column":64}},"22":{"start":{"line":57,"column":8},"end":{"line":61,"column":9}},"23":{"start":{"line":58,"column":10},"end":{"line":58,"column":28}},"24":{"start":{"line":60,"column":10},"end":{"line":60,"column":75}},"25":{"start":{"line":64,"column":6},"end":{"line":64,"column":53}},"26":{"start":{"line":70,"column":4},"end":{"line":70,"column":52}},"27":{"start":{"line":72,"column":22},"end":{"line":72,"column":35}},"28":{"start":{"line":74,"column":4},"end":{"line":91,"column":5}},"29":{"start":{"line":75,"column":28},"end":{"line":80,"column":null}},"30":{"start":{"line":83,"column":6},"end":{"line":87,"column":7}},"31":{"start":{"line":84,"column":8},"end":{"line":86,"column":63}},"32":{"start":{"line":88,"column":6},"end":{"line":88,"column":30}},"33":{"start":{"line":90,"column":6},"end":{"line":90,"column":53}},"34":{"start":{"line":96,"column":4},"end":{"line":96,"column":55}},"35":{"start":{"line":97,"column":4},"end":{"line":109,"column":5}},"36":{"start":{"line":98,"column":28},"end":{"line":100,"column":8}},"37":{"start":{"line":101,"column":6},"end":{"line":105,"column":7}},"38":{"start":{"line":102,"column":8},"end":{"line":104,"column":66}},"39":{"start":{"line":106,"column":6},"end":{"line":106,"column":52}},"40":{"start":{"line":108,"column":6},"end":{"line":108,"column":53}},"41":{"start":{"line":112,"column":25},"end":{"line":113,"column":44}},"42":{"start":{"line":113,"column":2},"end":{"line":113,"column":44}},"43":{"start":{"line":115,"column":0},"end":{"line":115,"column":26}}},"fnMap":{"0":{"name":"(anonymous_7)","decl":{"start":{"line":6,"column":2},"end":{"line":6,"column":14}},"loc":{"start":{"line":6,"column":43},"end":{"line":8,"column":3}}},"1":{"name":"(anonymous_8)","decl":{"start":{"line":11,"column":8},"end":{"line":11,"column":12}},"loc":{"start":{"line":11,"column":40},"end":{"line":26,"column":null}}},"2":{"name":"(anonymous_10)","decl":{"start":{"line":29,"column":8},"end":{"line":29,"column":11}},"loc":{"start":{"line":29,"column":39},"end":{"line":47,"column":null}}},"3":{"name":"(anonymous_12)","decl":{"start":{"line":50,"column":8},"end":{"line":50,"column":15}},"loc":{"start":{"line":50,"column":43},"end":{"line":66,"column":null}}},"4":{"name":"(anonymous_14)","decl":{"start":{"line":69,"column":8},"end":{"line":69,"column":15}},"loc":{"start":{"line":69,"column":43},"end":{"line":92,"column":null}}},"5":{"name":"(anonymous_16)","decl":{"start":{"line":95,"column":8},"end":{"line":95,"column":18}},"loc":{"start":{"line":95,"column":46},"end":{"line":110,"column":null}}},"6":{"name":"(anonymous_18)","decl":{"start":{"line":112,"column":25},"end":{"line":112,"column":43}},"loc":{"start":{"line":113,"column":2},"end":{"line":113,"column":44}}}},"branchMap":{"0":{"loc":{"start":{"line":18,"column":6},"end":{"line":24,"column":7}},"type":"if","locations":[{"start":{"line":18,"column":6},"end":{"line":24,"column":7}},{"start":{"line":21,"column":13},"end":{"line":24,"column":7}}]},"1":{"loc":{"start":{"line":33,"column":6},"end":{"line":42,"column":7}},"type":"if","locations":[{"start":{"line":33,"column":6},"end":{"line":42,"column":7}},{"start":{"line":40,"column":13},"end":{"line":42,"column":7}}]},"2":{"loc":{"start":{"line":35,"column":8},"end":{"line":39,"column":9}},"type":"if","locations":[{"start":{"line":35,"column":8},"end":{"line":39,"column":9}}]},"3":{"loc":{"start":{"line":54,"column":6},"end":{"line":62,"column":7}},"type":"if","locations":[{"start":{"line":54,"column":6},"end":{"line":62,"column":7}}]},"4":{"loc":{"start":{"line":57,"column":8},"end":{"line":61,"column":9}},"type":"if","locations":[{"start":{"line":57,"column":8},"end":{"line":61,"column":9}},{"start":{"line":59,"column":15},"end":{"line":61,"column":9}}]},"5":{"loc":{"start":{"line":83,"column":6},"end":{"line":87,"column":7}},"type":"if","locations":[{"start":{"line":83,"column":6},"end":{"line":87,"column":7}}]},"6":{"loc":{"start":{"line":101,"column":6},"end":{"line":105,"column":7}},"type":"if","locations":[{"start":{"line":101,"column":6},"end":{"line":105,"column":7}}]}},"s":{"0":4,"1":4,"2":4,"3":4,"4":3,"5":1,"6":1,"7":0,"8":0,"9":10,"10":10,"11":10,"12":2,"13":2,"14":1,"15":8,"16":8,"17":1,"18":3,"19":3,"20":3,"21":3,"22":2,"23":1,"24":1,"25":1,"26":3,"27":3,"28":3,"29":3,"30":2,"31":1,"32":1,"33":1,"34":3,"35":3,"36":3,"37":2,"38":1,"39":1,"40":1,"41":2,"42":4,"43":2},"f":{"0":4,"1":4,"2":10,"3":3,"4":3,"5":3,"6":4},"b":{"0":[1,0],"1":[2,8],"2":[1],"3":[3],"4":[1,1],"5":[1],"6":[1]}}
,"C:\\Users\\97250\\Desktop\\נושאים מתקדמים באפליקציות אינטרנטיות\\sa2023\\src\\controllers\\student_controller.ts": {"path":"C:\\Users\\97250\\Desktop\\נושאים מתקדמים באפליקציות אינטרנטיות\\sa2023\\src\\controllers\\student_controller.ts","statementMap":{"0":{"start":{"line":1,"column":0},"end":{"line":1,"column":60}},"1":{"start":{"line":2,"column":0},"end":{"line":2,"column":49}},"2":{"start":{"line":4,"column":26},"end":{"line":4,"column":61}},"3":{"start":{"line":6,"column":0},"end":{"line":6,"column":27}}},"fnMap":{},"branchMap":{},"s":{"0":2,"1":2,"2":2,"3":2},"f":{},"b":{}}
,"C:\\Users\\97250\\Desktop\\נושאים מתקדמים באפליקציות אינטרנטיות\\sa2023\\src\\controllers\\student_post_controller.ts": {"path":"C:\\Users\\97250\\Desktop\\נושאים מתקדמים באפליקציות אינטרנטיות\\sa2023\\src\\controllers\\student_post_controller.ts","statementMap":{"0":{"start":{"line":1,"column":0},"end":{"line":1,"column":74}},"1":{"start":{"line":2,"column":0},"end":{"line":2,"column":49}},"2":{"start":{"line":6,"column":30},"end":{"line":6,"column":73}},"3":{"start":{"line":9,"column":1},"end":{"line":25,"column":2}},"4":{"start":{"line":12,"column":4},"end":{"line":25,"column":2}},"5":{"start":{"line":13,"column":2},"end":{"line":24,"column":3}},"6":{"start":{"line":14,"column":18},"end":{"line":14,"column":71}},"7":{"start":{"line":15,"column":4},"end":{"line":19,"column":5}},"8":{"start":{"line":16,"column":6},"end":{"line":18,"column":63}},"9":{"start":{"line":21,"column":4},"end":{"line":21,"column":20}},"10":{"start":{"line":23,"column":4},"end":{"line":23,"column":51}},"11":{"start":{"line":27,"column":0},"end":{"line":27,"column":31}}},"fnMap":{"0":{"name":"(anonymous_8)","decl":{"start":{"line":9,"column":56},"end":{"line":9,"column":null}},"loc":{"start":{"line":12,"column":4},"end":{"line":25,"column":2}}},"1":{"name":"(anonymous_9)","decl":{"start":{"line":12,"column":4},"end":{"line":12,"column":null}},"loc":{"start":{"line":12,"column":4},"end":{"line":25,"column":1}}}},"branchMap":{"0":{"loc":{"start":{"line":15,"column":4},"end":{"line":19,"column":5}},"type":"if","locations":[{"start":{"line":15,"column":4},"end":{"line":19,"column":5}}]}},"s":{"0":2,"1":2,"2":2,"3":2,"4":1,"5":1,"6":1,"7":1,"8":1,"9":0,"10":0,"11":2},"f":{"0":1,"1":1},"b":{"0":[1]}}
,"C:\\Users\\97250\\Desktop\\נושאים מתקדמים באפליקציות אינטרנטיות\\sa2023\\src\\models\\student_model.ts": {"path":"C:\\Users\\97250\\Desktop\\נושאים מתקדמים באפליקציות אינטרנטיות\\sa2023\\src\\models\\student_model.ts","statementMap":{"0":{"start":{"line":1,"column":0},"end":{"line":1,"column":32}},"1":{"start":{"line":8,"column":22},"end":{"line":16,"column":2}},"2":{"start":{"line":18,"column":0},"end":{"line":18,"column":67}}},"fnMap":{},"branchMap":{},"s":{"0":2,"1":2,"2":2},"f":{},"b":{}}
,"C:\\Users\\97250\\Desktop\\נושאים מתקדמים באפליקציות אינטרנטיות\\sa2023\\src\\models\\student_post_model .ts": {"path":"C:\\Users\\97250\\Desktop\\נושאים מתקדמים באפליקציות אינטרנטיות\\sa2023\\src\\models\\student_post_model .ts","statementMap":{"0":{"start":{"line":1,"column":0},"end":{"line":1,"column":32}},"1":{"start":{"line":9,"column":26},"end":{"line":22,"column":2}},"2":{"start":{"line":24,"column":0},"end":{"line":24,"column":79}}},"fnMap":{},"branchMap":{},"s":{"0":2,"1":2,"2":2},"f":{},"b":{}}
,"C:\\Users\\97250\\Desktop\\נושאים מתקדמים באפליקציות אינטרנטיות\\sa2023\\src\\routes\\student_post_routes.ts": {"path":"C:\\Users\\97250\\Desktop\\נושאים מתקדמים באפליקציות אינטרנטיות\\sa2023\\src\\routes\\student_post_routes.ts","statementMap":{"0":{"start":{"line":1,"column":0},"end":{"line":1,"column":30}},"1":{"start":{"line":2,"column":15},"end":{"line":2,"column":31}},"2":{"start":{"line":3,"column":0},"end":{"line":3,"column":75}},"3":{"start":{"line":5,"column":0},"end":{"line":5,"column":71}},"4":{"start":{"line":7,"column":0},"end":{"line":12,"column":2}},"5":{"start":{"line":14,"column":0},"end":{"line":14,"column":78}},"6":{"start":{"line":16,"column":0},"end":{"line":16,"column":73}},"7":{"start":{"line":18,"column":0},"end":{"line":18,"column":78}},"8":{"start":{"line":20,"column":0},"end":{"line":23,"column":2}},"9":{"start":{"line":25,"column":0},"end":{"line":25,"column":16}}},"fnMap":{},"branchMap":{},"s":{"0":2,"1":2,"2":2,"3":2,"4":2,"5":2,"6":2,"7":2,"8":2,"9":2},"f":{},"b":{}}
,"C:\\Users\\97250\\Desktop\\נושאים מתקדמים באפליקציות אינטרנטיות\\sa2023\\src\\routes\\student_routes.ts": {"path":"C:\\Users\\97250\\Desktop\\נושאים מתקדמים באפליקציות אינטרנטיות\\sa2023\\src\\routes\\student_routes.ts","statementMap":{"0":{"start":{"line":1,"column":0},"end":{"line":1,"column":30}},"1":{"start":{"line":2,"column":15},"end":{"line":2,"column":31}},"2":{"start":{"line":3,"column":0},"end":{"line":3,"column":66}},"3":{"start":{"line":5,"column":0},"end":{"line":5,"column":63}},"4":{"start":{"line":7,"column":0},"end":{"line":7,"column":63}},"5":{"start":{"line":9,"column":0},"end":{"line":9,"column":70}},"6":{"start":{"line":11,"column":0},"end":{"line":11,"column":65}},"7":{"start":{"line":13,"column":0},"end":{"line":13,"column":70}},"8":{"start":{"line":15,"column":0},"end":{"line":15,"column":76}},"9":{"start":{"line":17,"column":0},"end":{"line":17,"column":16}}},"fnMap":{},"branchMap":{},"s":{"0":2,"1":2,"2":2,"3":2,"4":2,"5":2,"6":2,"7":2,"8":2,"9":2},"f":{},"b":{}}
}
