TN:
SF:src\app.ts
FN:10,(anonymous_1)
FN:12,(anonymous_2)
FN:13,(anonymous_3)
FN:14,(anonymous_4)
FN:17,(anonymous_5)
FN:24,(anonymous_6)
FNF:6
FNH:4
FNDA:2,(anonymous_1)
FNDA:0,(anonymous_2)
FNDA:2,(anonymous_3)
FNDA:2,(anonymous_4)
FNDA:2,(anonymous_5)
FNDA:0,(anonymous_6)
DA:1,2
DA:2,2
DA:3,2
DA:4,2
DA:5,2
DA:6,2
DA:7,2
DA:8,2
DA:10,2
DA:11,2
DA:12,2
DA:13,2
DA:14,2
DA:15,2
DA:18,2
DA:19,2
DA:20,2
DA:21,2
DA:22,2
DA:25,0
DA:30,2
LF:21
LH:20
BRF:0
BRH:0
end_of_record
TN:
SF:src\controllers\base_controller.ts
FN:6,(anonymous_7)
FN:11,(anonymous_8)
FN:29,(anonymous_10)
FN:50,(anonymous_12)
FN:69,(anonymous_14)
FN:95,(anonymous_16)
FN:112,(anonymous_18)
FNF:7
FNH:7
FNDA:4,(anonymous_7)
FNDA:4,(anonymous_8)
FNDA:10,(anonymous_10)
FNDA:3,(anonymous_12)
FNDA:3,(anonymous_14)
FNDA:3,(anonymous_16)
FNDA:4,(anonymous_18)
DA:7,4
DA:12,4
DA:14,4
DA:15,4
DA:16,3
DA:18,1
DA:20,1
DA:22,0
DA:23,0
DA:30,10
DA:32,10
DA:33,10
DA:34,2
DA:35,2
DA:36,1
DA:41,8
DA:43,8
DA:45,1
DA:51,3
DA:53,3
DA:54,3
DA:56,3
DA:57,2
DA:58,1
DA:60,1
DA:64,1
DA:70,3
DA:72,3
DA:74,3
DA:75,3
DA:83,2
DA:84,1
DA:88,1
DA:90,1
DA:96,3
DA:97,3
DA:98,3
DA:101,2
DA:102,1
DA:106,1
DA:108,1
DA:112,2
DA:113,4
DA:115,2
LF:44
LH:42
BRDA:18,0,0,1
BRDA:18,0,1,0
BRDA:33,1,0,2
BRDA:33,1,1,8
BRDA:35,2,0,1
BRDA:54,3,0,3
BRDA:57,4,0,1
BRDA:57,4,1,1
BRDA:83,5,0,1
BRDA:101,6,0,1
BRF:10
BRH:9
end_of_record
TN:
SF:src\controllers\student_controller.ts
FNF:0
FNH:0
DA:1,2
DA:2,2
DA:4,2
DA:6,2
LF:4
LH:4
BRF:0
BRH:0
end_of_record
TN:
SF:src\controllers\student_post_controller.ts
FN:9,(anonymous_8)
FN:12,(anonymous_9)
FNF:2
FNH:2
FNDA:1,(anonymous_8)
FNDA:1,(anonymous_9)
DA:1,2
DA:2,2
DA:6,2
DA:9,2
DA:12,1
DA:13,1
DA:14,1
DA:15,1
DA:16,1
DA:21,0
DA:23,0
DA:27,2
LF:12
LH:10
BRDA:15,0,0,1
BRF:1
BRH:1
end_of_record
TN:
SF:src\models\student_model.ts
FNF:0
FNH:0
DA:1,2
DA:8,2
DA:18,2
LF:3
LH:3
BRF:0
BRH:0
end_of_record
TN:
SF:src\models\student_post_model .ts
FNF:0
FNH:0
DA:1,2
DA:9,2
DA:24,2
LF:3
LH:3
BRF:0
BRH:0
end_of_record
TN:
SF:src\routes\student_post_routes.ts
FNF:0
FNH:0
DA:1,2
DA:2,2
DA:3,2
DA:5,2
DA:7,2
DA:14,2
DA:16,2
DA:18,2
DA:20,2
DA:25,2
LF:10
LH:10
BRF:0
BRH:0
end_of_record
TN:
SF:src\routes\student_routes.ts
FNF:0
FNH:0
DA:1,2
DA:2,2
DA:3,2
DA:5,2
DA:7,2
DA:9,2
DA:11,2
DA:13,2
DA:15,2
DA:17,2
LF:10
LH:10
BRF:0
BRH:0
end_of_record
